[0.016s] Invoking command in '/home/ahmed/agv_ws/build/robot_mk1_utils': CMAKE_PREFIX_PATH=/opt/ros/humble /usr/bin/cmake /home/ahmed/agv_ws/src/robot_mk1_utils -DCMAKE_INSTALL_PREFIX=/home/ahmed/agv_ws/install/robot_mk1_utils
[0.322s] -- The C compiler identification is GNU 11.4.0
[0.707s] -- The CXX compiler identification is GNU 11.4.0
[1.010s] -- Detecting C compiler ABI info
[1.172s] -- Detecting C compiler ABI info - done
[1.179s] -- Check for working C compiler: /usr/bin/cc - skipped
[1.179s] -- Detecting C compile features
[1.180s] -- Detecting C compile features - done
[1.184s] -- Detecting CXX compiler ABI info
[1.337s] -- Detecting CXX compiler ABI info - done
[1.344s] -- Check for working CXX compiler: /usr/bin/c++ - skipped
[1.344s] -- Detecting CXX compile features
[1.345s] -- Detecting CXX compile features - done
[1.348s] -- Found ament_cmake: 1.3.11 (/opt/ros/humble/share/ament_cmake/cmake)
[1.492s] -- Found Python3: /usr/bin/python3 (found version "3.10.12") found components: Interpreter 
[1.580s] -- Found rclcpp: 16.0.12 (/opt/ros/humble/share/rclcpp/cmake)
[1.715s] -- Found rosidl_generator_c: 3.1.6 (/opt/ros/humble/share/rosidl_generator_c/cmake)
[1.720s] -- Found rosidl_adapter: 3.1.6 (/opt/ros/humble/share/rosidl_adapter/cmake)
[1.729s] -- Found rosidl_generator_cpp: 3.1.6 (/opt/ros/humble/share/rosidl_generator_cpp/cmake)
[1.741s] -- Using all available rosidl_typesupport_c: rosidl_typesupport_fastrtps_c;rosidl_typesupport_introspection_c
[1.757s] -- Using all available rosidl_typesupport_cpp: rosidl_typesupport_fastrtps_cpp;rosidl_typesupport_introspection_cpp
[1.799s] -- Found rmw_implementation_cmake: 6.1.2 (/opt/ros/humble/share/rmw_implementation_cmake/cmake)
[1.801s] -- Found rmw_fastrtps_cpp: 6.2.7 (/opt/ros/humble/share/rmw_fastrtps_cpp/cmake)
[2.849s] -- Found OpenSSL: /usr/lib/x86_64-linux-gnu/libcrypto.so (found version "3.0.2")  
[3.945s] -- Found FastRTPS: /opt/ros/humble/include  
[5.938s] -- Using RMW implementation 'rmw_fastrtps_cpp' as default
[5.948s] -- Looking for pthread.h
[6.103s] -- Looking for pthread.h - found
[6.104s] -- Performing Test CMAKE_HAVE_LIBC_PTHREAD
[6.245s] -- Performing Test CMAKE_HAVE_LIBC_PTHREAD - Success
[6.246s] -- Found Threads: TRUE  
[6.299s] -- Found ament_lint_auto: 0.12.12 (/opt/ros/humble/share/ament_lint_auto/cmake)
[6.376s] -- Added test 'cppcheck' to perform static code analysis on C / C++ code
[6.376s] -- Configured cppcheck include dirs: 
[6.377s] -- Configured cppcheck exclude dirs and/or files: 
[6.377s] -- Added test 'lint_cmake' to check CMake code style
[6.379s] -- Added test 'uncrustify' to check C / C++ code style
[6.379s] -- Configured uncrustify additional arguments: 
[6.380s] -- Added test 'xmllint' to check XML markup files
[6.382s] -- Configuring done
[6.394s] -- Generating done
[6.398s] -- Build files have been written to: /home/ahmed/agv_ws/build/robot_mk1_utils
[6.408s] Invoked command in '/home/ahmed/agv_ws/build/robot_mk1_utils' returned '0': CMAKE_PREFIX_PATH=/opt/ros/humble /usr/bin/cmake /home/ahmed/agv_ws/src/robot_mk1_utils -DCMAKE_INSTALL_PREFIX=/home/ahmed/agv_ws/install/robot_mk1_utils
[6.410s] Invoking command in '/home/ahmed/agv_ws/build/robot_mk1_utils': CMAKE_PREFIX_PATH=/opt/ros/humble /usr/bin/cmake --build /home/ahmed/agv_ws/build/robot_mk1_utils -- -j12 -l12
[6.463s] [ 50%] [32mBuilding CXX object CMakeFiles/talker.dir/src/talker.cpp.o[0m
[6.484s] [100%] [32m[1mLinking CXX executable talker[0m
[6.614s] /usr/bin/ld: /usr/lib/gcc/x86_64-linux-gnu/11/../../../x86_64-linux-gnu/Scrt1.o: in function `_start':
[6.614s] (.text+0x1b): undefined reference to `main'
[6.617s] collect2: error: ld returned 1 exit status
[6.619s] gmake[2]: *** [CMakeFiles/talker.dir/build.make:159: talker] Error 1
[6.619s] gmake[1]: *** [CMakeFiles/Makefile2:137: CMakeFiles/talker.dir/all] Error 2
[6.619s] gmake: *** [Makefile:146: all] Error 2
[6.622s] Invoked command in '/home/ahmed/agv_ws/build/robot_mk1_utils' returned '2': CMAKE_PREFIX_PATH=/opt/ros/humble /usr/bin/cmake --build /home/ahmed/agv_ws/build/robot_mk1_utils -- -j12 -l12
